<?xml version="1.0" encoding="UTF-8"?>
<!-- Generated by org.testng.reporters.JUnitXMLReporter -->
<testsuite ignored="0" hostname="DESKTOP-02CR4GB" failures="1" tests="1" name="Default test" time="8.561" errors="0" timestamp="2023-03-30T15:30:42 IST">
  <testcase classname="io.cucumber.testng.AbstractTestNGCucumberTests" name="runScenario" time="8.197">
    <failure type="java.lang.NullPointerException" message="Cannot invoke &amp;quot;org.openqa.selenium.WebDriver.findElement(org.openqa.selenium.By)&amp;quot; because &amp;quot;this.driver&amp;quot; is null">
      <![CDATA[java.lang.NullPointerException: Cannot invoke "org.openqa.selenium.WebDriver.findElement(org.openqa.selenium.By)" because "this.driver" is null
at defination.stepdefination.enter_the_username(stepdefination.java:24)
at ✽.Enter the username "Admin"(file:///C:/Users/admin/Documents/workspace-spring-tool-suite-4-4.16.1.RELEASE/Cucumber/src/test/resources/login/login.feature:7)
]]>
    </failure>
  </testcase> <!-- runScenario -->
</testsuite> <!-- Default test -->
