<?xml version="1.0" encoding="UTF-8"?>
<testng-results ignored="0" total="1" passed="0" failed="1" skipped="0">
  <reporter-output>
  </reporter-output>
  <suite started-at="2023-03-30T15:30:34 IST" name="Default suite" finished-at="2023-03-30T15:30:42 IST" duration-ms="8561">
    <groups>
      <group name="cucumber">
        <method signature="AbstractTestNGCucumberTests.runScenario(io.cucumber.testng.PickleWrapper,io.cucumber.testng.FeatureWrapper)[pri:0, instance:runner.testrunner@130c12b7]" name="runScenario" class="io.cucumber.testng.AbstractTestNGCucumberTests"/>
      </group> <!-- cucumber -->
    </groups>
    <test started-at="2023-03-30T15:30:34 IST" name="Default test" finished-at="2023-03-30T15:30:42 IST" duration-ms="8561">
      <class name="runner.testrunner">
        <test-method is-config="true" signature="setUpClass(org.testng.ITestContext)[pri:0, instance:runner.testrunner@130c12b7]" started-at="2023-03-30T15:30:34 IST" name="setUpClass" finished-at="2023-03-30T15:30:34 IST" duration-ms="281" status="PASS">
          <params>
            <param index="0">
              <value>
                <![CDATA[org.testng.TestRunner@1c55f277]]>
              </value>
            </param>
          </params>
          <reporter-output>
          </reporter-output>
        </test-method> <!-- setUpClass -->
        <test-method signature="runScenario(io.cucumber.testng.PickleWrapper,io.cucumber.testng.FeatureWrapper)[pri:0, instance:runner.testrunner@130c12b7]" started-at="2023-03-30T15:30:34 IST" name="runScenario" description="Runs Cucumber Scenarios" data-provider="scenarios" finished-at="2023-03-30T15:30:42 IST" duration-ms="8197" status="FAIL">
          <params>
            <param index="0">
              <value>
                <![CDATA["To test the login functionality with valid"]]>
              </value>
            </param>
            <param index="1">
              <value>
                <![CDATA["Optional[Test OrangeHRM  #goals]"]]>
              </value>
            </param>
          </params>
          <exception class="java.lang.NullPointerException">
            <message>
              <![CDATA[Cannot invoke "org.openqa.selenium.WebDriver.findElement(org.openqa.selenium.By)" because "this.driver" is null]]>
            </message>
            <full-stacktrace>
              <![CDATA[java.lang.NullPointerException: Cannot invoke "org.openqa.selenium.WebDriver.findElement(org.openqa.selenium.By)" because "this.driver" is null
at defination.stepdefination.enter_the_username(stepdefination.java:24)
at ✽.Enter the username "Admin"(file:///C:/Users/admin/Documents/workspace-spring-tool-suite-4-4.16.1.RELEASE/Cucumber/src/test/resources/login/login.feature:7)
]]>
            </full-stacktrace>
          </exception> <!-- java.lang.NullPointerException -->
          <reporter-output>
          </reporter-output>
        </test-method> <!-- runScenario -->
        <test-method is-config="true" signature="tearDownClass()[pri:0, instance:runner.testrunner@130c12b7]" started-at="2023-03-30T15:30:42 IST" name="tearDownClass" finished-at="2023-03-30T15:30:42 IST" duration-ms="18" status="PASS">
          <reporter-output>
          </reporter-output>
        </test-method> <!-- tearDownClass -->
      </class> <!-- runner.testrunner -->
    </test> <!-- Default test -->
  </suite> <!-- Default suite -->
</testng-results>
