<?xml version="1.0" encoding="UTF-8"?>
<!-- Generated by org.testng.reporters.JUnitReportReporter -->
<testsuite hostname="DESKTOP-02CR4GB" failures="0" tests="1" name="runner.testrunner" time="8.197" errors="1" timestamp="2023-03-30T15:30:42 IST" skipped="0">
  <testcase classname="runner.testrunner" name="runScenario" time="8.197">
    <error message="Cannot invoke &quot;org.openqa.selenium.WebDriver.findElement(org.openqa.selenium.By)&quot; because &quot;this.driver&quot; is null" type="java.lang.NullPointerException">
      <![CDATA[java.lang.NullPointerException: Cannot invoke "org.openqa.selenium.WebDriver.findElement(org.openqa.selenium.By)" because "this.driver" is null
at defination.stepdefination.enter_the_username(stepdefination.java:24)
at ✽.Enter the username "Admin"(file:///C:/Users/admin/Documents/workspace-spring-tool-suite-4-4.16.1.RELEASE/Cucumber/src/test/resources/login/login.feature:7)
]]>
    </error>
  </testcase> <!-- runScenario -->
  <system-out/>
</testsuite> <!-- runner.testrunner -->
